2017-04-04 11:28:46.5606|INFO|HomeAgency.Web.Controllers.LoginController|admin logged in at 04/04/2017 11:28
2017-04-04 11:29:33.9656|INFO|HomeAgency.Web.Controllers.LoginController|User logout at 04/04/2017 11:29
2017-04-05 15:27:48.9960|INFO|HomeAgency.Web.Controllers.ApiController|GetBrandData
2017-04-05 15:27:49.0690|ERROR|HomeAgency.Web.Controllers.ApiController|GetBrandData
2017-04-05 15:27:51.0839|INFO|HomeAgency.Web.Controllers.ApiController|GetBrandData
2017-04-05 15:27:51.0839|INFO|HomeAgency.Web.Controllers.ApiController|GetBrandData
2017-04-05 15:27:51.1309|ERROR|HomeAgency.Web.Controllers.ApiController|GetBrandData
2017-04-05 15:27:51.1309|ERROR|HomeAgency.Web.Controllers.ApiController|GetBrandData
2017-04-05 15:27:51.1309|INFO|HomeAgency.Web.Controllers.ApiController|GetBrandData
2017-04-05 15:27:51.1309|ERROR|HomeAgency.Web.Controllers.ApiController|GetBrandData
2017-04-05 16:30:22.3564|INFO|HomeAgency.Web.Controllers.ApiController|GetBrandData
2017-04-05 16:30:22.4774|ERROR|HomeAgency.Web.Controllers.ApiController|GetBrandData
2017-04-05 16:30:28.9790|INFO|HomeAgency.Web.Controllers.ApiController|GetCategoryData
2017-04-05 16:30:28.9790|INFO|HomeAgency.Web.Controllers.ApiController|GetCategoryData
2017-04-05 16:30:29.0050|ERROR|HomeAgency.Web.Controllers.ApiController|GetCategoryData
2017-04-05 16:30:29.0050|ERROR|HomeAgency.Web.Controllers.ApiController|GetCategoryData
2017-04-05 16:30:29.0050|INFO|HomeAgency.Web.Controllers.ApiController|GetBrandData
2017-04-05 16:30:29.0461|ERROR|HomeAgency.Web.Controllers.ApiController|GetBrandData
2017-04-05 17:32:22.4725|INFO|HomeAgency.Web.Controllers.ApiController|GetProductData
2017-04-05 17:32:22.4725|INFO|HomeAgency.Web.Controllers.ApiController|GetProductData
2017-04-05 17:32:22.5350|ERROR|HomeAgency.Web.Controllers.ApiController|GetProductData
2017-04-05 17:32:22.5350|ERROR|HomeAgency.Web.Controllers.ApiController|GetProductData
2017-04-05 17:33:56.9883|INFO|HomeAgency.Web.Controllers.ApiController|GetCategoryData
2017-04-05 17:33:56.9883|ERROR|HomeAgency.Web.Controllers.ApiController|GetCategoryData
2017-04-05 17:33:59.1873|INFO|HomeAgency.Web.Controllers.ApiController|GetCategoryData
2017-04-05 17:33:59.1873|ERROR|HomeAgency.Web.Controllers.ApiController|GetCategoryData
2017-04-06 09:54:34.3474|INFO|HomeAgency.Web.Controllers.LoginController|admin login at 06/04/2017 09:54
2017-04-06 09:55:50.9210|INFO|HomeAgency.Web.Controllers.LoginController|User logout at 06/04/2017 09:55
2017-04-09 20:17:06.4550|INFO|HomeAgency.Web.Controllers.LoginController|admin login at 09/04/2017 20:17
2017-04-09 20:17:35.5021|INFO|HomeAgency.Web.Controllers.ApiController|GetBrandData
2017-04-09 20:17:35.5021|INFO|HomeAgency.Web.Controllers.ApiController|GetBrandData
2017-04-09 20:17:35.5803|INFO|HomeAgency.Web.Controllers.ApiController|GetBrandData
2017-04-09 20:17:35.5959|ERROR|HomeAgency.Web.Controllers.ApiController|GetBrandData
2017-04-09 20:17:35.5803|INFO|HomeAgency.Web.Controllers.ApiController|GetBrandData
2017-04-09 20:17:35.6115|ERROR|HomeAgency.Web.Controllers.ApiController|GetBrandData
2017-04-09 20:17:35.5959|ERROR|HomeAgency.Web.Controllers.ApiController|GetBrandData
2017-04-09 20:17:35.5959|ERROR|HomeAgency.Web.Controllers.ApiController|GetBrandData
2017-04-10 08:59:03.8647|INFO|HomeAgency.Web.Controllers.ApiController|GetCategoryData
2017-04-10 08:59:03.8960|ERROR|HomeAgency.Web.Controllers.ApiController|GetCategoryData
2017-04-10 09:28:44.3482|INFO|HomeAgency.Web.Controllers.ApiController|GetCategoryData
2017-04-10 09:28:44.3638|ERROR|HomeAgency.Web.Controllers.ApiController|GetCategoryData
2017-04-10 09:28:49.3531|INFO|HomeAgency.Web.Controllers.ApiController|GetProductData
2017-04-10 09:28:49.3531|ERROR|HomeAgency.Web.Controllers.ApiController|GetProductData
2017-04-10 09:28:50.9069|INFO|HomeAgency.Web.Controllers.ApiController|GetBrandData
2017-04-10 09:28:50.9069|INFO|HomeAgency.Web.Controllers.ApiController|GetBrandData
2017-04-10 09:28:50.9069|INFO|HomeAgency.Web.Controllers.ApiController|GetCategoryData
2017-04-10 09:28:50.9225|ERROR|HomeAgency.Web.Controllers.ApiController|GetCategoryData
2017-04-10 09:28:50.9225|ERROR|HomeAgency.Web.Controllers.ApiController|GetBrandData
2017-04-10 09:28:50.9225|INFO|HomeAgency.Web.Controllers.ApiController|GetProductData
2017-04-10 09:28:50.9225|ERROR|HomeAgency.Web.Controllers.ApiController|GetProductData
2017-04-10 09:28:50.9225|ERROR|HomeAgency.Web.Controllers.ApiController|GetBrandData
2017-04-10 09:28:54.7878|INFO|HomeAgency.Web.Controllers.ApiController|GetBrandData
2017-04-10 09:28:54.7878|ERROR|HomeAgency.Web.Controllers.ApiController|GetBrandData
2017-04-10 09:28:54.7878|INFO|HomeAgency.Web.Controllers.ApiController|GetCategoryData
2017-04-10 09:28:54.7878|ERROR|HomeAgency.Web.Controllers.ApiController|GetCategoryData
2017-04-10 19:52:21.7928|INFO|HomeAgency.Web.Controllers.ApiController|GetBrandData
2017-04-10 19:52:21.8240|ERROR|HomeAgency.Web.Controllers.ApiController|GetBrandData
2017-04-10 21:35:52.1956|INFO|HomeAgency.Web.Controllers.ApiController|GetBrandData
2017-04-10 21:35:52.1956|ERROR|HomeAgency.Web.Controllers.ApiController|GetBrandData
2017-04-10 21:50:21.3873|INFO|HomeAgency.Web.Controllers.ApiController|GetProductData
2017-04-10 21:50:21.3873|INFO|HomeAgency.Web.Controllers.ApiController|GetCategoryData
2017-04-10 21:50:21.3933|ERROR|HomeAgency.Web.Controllers.ApiController|GetCategoryData
2017-04-10 21:50:21.3873|ERROR|HomeAgency.Web.Controllers.ApiController|GetProductData
2017-04-10 21:50:41.3583|INFO|HomeAgency.Web.Controllers.ApiController|GetBrandData
2017-04-10 21:50:41.3583|ERROR|HomeAgency.Web.Controllers.ApiController|GetBrandData
2017-04-10 21:50:55.0667|INFO|HomeAgency.Web.Controllers.ApiController|GetCategoryData
2017-04-10 21:50:55.0667|ERROR|HomeAgency.Web.Controllers.ApiController|GetCategoryData
2017-04-10 21:50:57.8154|INFO|HomeAgency.Web.Controllers.ApiController|GetProductData
2017-04-10 21:50:57.8154|ERROR|HomeAgency.Web.Controllers.ApiController|GetProductData
2017-04-10 21:51:13.0750|INFO|HomeAgency.Web.Controllers.ApiController|GetBrandData
2017-04-10 21:51:13.0971|INFO|HomeAgency.Web.Controllers.ApiController|GetBrandData
2017-04-10 21:51:13.1306|ERROR|HomeAgency.Web.Controllers.ApiController|GetBrandData
2017-04-10 21:51:13.1306|ERROR|HomeAgency.Web.Controllers.ApiController|GetBrandData
2017-04-10 21:51:13.1306|INFO|HomeAgency.Web.Controllers.ApiController|GetCategoryData
2017-04-10 21:51:13.1591|ERROR|HomeAgency.Web.Controllers.ApiController|GetCategoryData
2017-04-10 21:51:35.7863|INFO|HomeAgency.Web.Controllers.ApiController|GetProductData
2017-04-10 21:51:35.7863|ERROR|HomeAgency.Web.Controllers.ApiController|GetProductData
2017-04-10 21:52:23.1610|INFO|HomeAgency.Web.Controllers.ApiController|GetProductData
2017-04-10 21:52:23.1710|ERROR|HomeAgency.Web.Controllers.ApiController|GetProductData
2017-04-10 22:17:43.6465|INFO|HomeAgency.Web.Controllers.ApiController|GetBrandData
2017-04-10 22:17:43.6965|ERROR|HomeAgency.Web.Controllers.ApiController|GetBrandData
2017-04-10 22:26:42.2117|INFO|HomeAgency.Web.Controllers.LoginController|User logout at 10/04/2017 22:26
